This file contains any messages produced by compilers while
running configure, to aid debugging if configure makes a mistake.

It was created by teste-libtool configure 0.2, which was
generated by GNU Autoconf 2.57.  Invocation command line was

  $ ./configure 

## --------- ##
## Platform. ##
## --------- ##

hostname = suporte3.lenep.uenf.br
uname -m = i686
uname -r = 2.4.20-18.9
uname -s = Linux
uname -v = #1 Thu May 29 07:08:16 EDT 2003

/usr/bin/uname -p = unknown
/bin/uname -X     = unknown

/bin/arch              = i686
/usr/bin/arch -k       = unknown
/usr/convex/getsysinfo = unknown
hostinfo               = unknown
/bin/machine           = unknown
/usr/bin/oslevel       = unknown
/bin/universe          = unknown

PATH: /usr/local/bin
PATH: /usr/bin
PATH: /bin
PATH: /usr/X11R6/bin
PATH: /home/andre/bin


## ----------- ##
## Core tests. ##
## ----------- ##

configure:1518: checking for a BSD-compatible install
configure:1572: result: /usr/bin/install -c
configure:1583: checking whether build environment is sane
configure:1626: result: yes
configure:1659: checking for gawk
configure:1675: found /usr/bin/gawk
configure:1685: result: gawk
configure:1695: checking whether make sets $(MAKE)
configure:1715: result: yes
configure:1961: checking build system type
configure:1979: result: i686-pc-linux-gnu
configure:1987: checking host system type
configure:2001: result: i686-pc-linux-gnu
configure:2021: checking for style of include used by make
configure:2049: result: GNU
configure:2120: checking for gcc
configure:2136: found /usr/bin/gcc
configure:2146: result: gcc
configure:2390: checking for C compiler version
configure:2393: gcc --version </dev/null >&5
gcc (GCC) 3.2.2 20030222 (Red Hat Linux 3.2.2-5)
Copyright (C) 2002 Free Software Foundation, Inc.
This is free software; see the source for copying conditions.  There is NO
warranty; not even for MERCHANTABILITY or FITNESS FOR A PARTICULAR PURPOSE.

configure:2396: $? = 0
configure:2398: gcc -v </dev/null >&5
Reading specs from /usr/lib/gcc-lib/i386-redhat-linux/3.2.2/specs
Configured with: ../configure --prefix=/usr --mandir=/usr/share/man --infodir=/usr/share/info --enable-shared --enable-threads=posix --disable-checking --with-system-zlib --enable-__cxa_atexit --host=i386-redhat-linux
Thread model: posix
gcc version 3.2.2 20030222 (Red Hat Linux 3.2.2-5)
configure:2401: $? = 0
configure:2403: gcc -V </dev/null >&5
gcc: argument to `-V' is missing
configure:2406: $? = 1
configure:2430: checking for C compiler default output
configure:2433: gcc    conftest.c  >&5
configure:2436: $? = 0
configure:2482: result: a.out
configure:2487: checking whether the C compiler works
configure:2493: ./a.out
configure:2496: $? = 0
configure:2513: result: yes
configure:2520: checking whether we are cross compiling
configure:2522: result: no
configure:2525: checking for suffix of executables
configure:2527: gcc -o conftest    conftest.c  >&5
configure:2530: $? = 0
configure:2555: result: 
configure:2561: checking for suffix of object files
configure:2583: gcc -c   conftest.c >&5
configure:2586: $? = 0
configure:2608: result: o
configure:2612: checking whether we are using the GNU C compiler
configure:2637: gcc -c   conftest.c >&5
configure:2640: $? = 0
configure:2643: test -s conftest.o
configure:2646: $? = 0
configure:2659: result: yes
configure:2665: checking whether gcc accepts -g
configure:2687: gcc -c -g  conftest.c >&5
configure:2690: $? = 0
configure:2693: test -s conftest.o
configure:2696: $? = 0
configure:2707: result: yes
configure:2724: checking for gcc option to accept ANSI C
configure:2785: gcc  -c -g -O2  conftest.c >&5
configure:2788: $? = 0
configure:2791: test -s conftest.o
configure:2794: $? = 0
configure:2812: result: none needed
configure:2830: gcc -c -g -O2  conftest.c >&5
conftest.c:2: parse error before "me"
configure:2833: $? = 1
configure: failed program was:
| #ifndef __cplusplus
|   choke me
| #endif
configure:2944: checking dependency style of gcc
configure:3012: result: gcc3
configure:3029: checking for a sed that does not truncate output
configure:3083: result: /bin/sed
configure:3086: checking for egrep
configure:3096: result: grep -E
configure:3112: checking for ld used by gcc
configure:3179: result: /usr/bin/ld
configure:3188: checking if the linker (/usr/bin/ld) is GNU ld
configure:3203: result: yes
configure:3208: checking for /usr/bin/ld option to reload object files
configure:3215: result: -r
configure:3224: checking for BSD-compatible nm
configure:3266: result: /usr/bin/nm -B
configure:3270: checking whether ln -s works
configure:3274: result: yes
configure:3281: checking how to recognise dependent libraries
configure:3481: result: pass_all
configure:3685: checking how to run the C preprocessor
configure:3721: gcc -E  conftest.c
configure:3727: $? = 0
configure:3759: gcc -E  conftest.c
configure:3760:28: ac_nonexistent.h: No such file or directory
configure:3765: $? = 1
configure: failed program was:
| #line 3750 "configure"
| /* confdefs.h.  */
| 
| #define PACKAGE_NAME "teste-libtool"
| #define PACKAGE_TARNAME "teste_libtool "
| #define PACKAGE_VERSION "0.2"
| #define PACKAGE_STRING "teste-libtool 0.2"
| #define PACKAGE_BUGREPORT "andre@lmpt.ufsc.br"
| #define PACKAGE "teste_libtool "
| #define VERSION "0.2"
| /* end confdefs.h.  */
| #include <ac_nonexistent.h>
configure:3803: result: gcc -E
configure:3828: gcc -E  conftest.c
configure:3834: $? = 0
configure:3866: gcc -E  conftest.c
configure:3867:28: ac_nonexistent.h: No such file or directory
configure:3872: $? = 1
configure: failed program was:
| #line 3857 "configure"
| /* confdefs.h.  */
| 
| #define PACKAGE_NAME "teste-libtool"
| #define PACKAGE_TARNAME "teste_libtool "
| #define PACKAGE_VERSION "0.2"
| #define PACKAGE_STRING "teste-libtool 0.2"
| #define PACKAGE_BUGREPORT "andre@lmpt.ufsc.br"
| #define PACKAGE "teste_libtool "
| #define VERSION "0.2"
| /* end confdefs.h.  */
| #include <ac_nonexistent.h>
configure:3915: checking for ANSI C header files
configure:3941: gcc -c -g -O2  conftest.c >&5
configure:3944: $? = 0
configure:3947: test -s conftest.o
configure:3950: $? = 0
configure:4039: gcc -o conftest -g -O2   conftest.c  >&5
configure:4042: $? = 0
configure:4044: ./conftest
configure:4047: $? = 0
configure:4062: result: yes
configure:4086: checking for sys/types.h
configure:4103: gcc -c -g -O2  conftest.c >&5
configure:4106: $? = 0
configure:4109: test -s conftest.o
configure:4112: $? = 0
configure:4123: result: yes
configure:4086: checking for sys/stat.h
configure:4103: gcc -c -g -O2  conftest.c >&5
configure:4106: $? = 0
configure:4109: test -s conftest.o
configure:4112: $? = 0
configure:4123: result: yes
configure:4086: checking for stdlib.h
configure:4103: gcc -c -g -O2  conftest.c >&5
configure:4106: $? = 0
configure:4109: test -s conftest.o
configure:4112: $? = 0
configure:4123: result: yes
configure:4086: checking for string.h
configure:4103: gcc -c -g -O2  conftest.c >&5
configure:4106: $? = 0
configure:4109: test -s conftest.o
configure:4112: $? = 0
configure:4123: result: yes
configure:4086: checking for memory.h
configure:4103: gcc -c -g -O2  conftest.c >&5
configure:4106: $? = 0
configure:4109: test -s conftest.o
configure:4112: $? = 0
configure:4123: result: yes
configure:4086: checking for strings.h
configure:4103: gcc -c -g -O2  conftest.c >&5
configure:4106: $? = 0
configure:4109: test -s conftest.o
configure:4112: $? = 0
configure:4123: result: yes
configure:4086: checking for inttypes.h
configure:4103: gcc -c -g -O2  conftest.c >&5
configure:4106: $? = 0
configure:4109: test -s conftest.o
configure:4112: $? = 0
configure:4123: result: yes
configure:4086: checking for stdint.h
configure:4103: gcc -c -g -O2  conftest.c >&5
configure:4106: $? = 0
configure:4109: test -s conftest.o
configure:4112: $? = 0
configure:4123: result: yes
configure:4086: checking for unistd.h
configure:4103: gcc -c -g -O2  conftest.c >&5
configure:4106: $? = 0
configure:4109: test -s conftest.o
configure:4112: $? = 0
configure:4123: result: yes
configure:4149: checking dlfcn.h usability
configure:4162: gcc -c -g -O2  conftest.c >&5
configure:4165: $? = 0
configure:4168: test -s conftest.o
configure:4171: $? = 0
configure:4181: result: yes
configure:4185: checking dlfcn.h presence
configure:4196: gcc -E  conftest.c
configure:4202: $? = 0
configure:4221: result: yes
configure:4257: checking for dlfcn.h
configure:4264: result: yes
configure:4329: checking for g++
configure:4345: found /usr/bin/g++
configure:4355: result: g++
configure:4371: checking for C++ compiler version
configure:4374: g++ --version </dev/null >&5
g++ (GCC) 3.2.2 20030222 (Red Hat Linux 3.2.2-5)
Copyright (C) 2002 Free Software Foundation, Inc.
This is free software; see the source for copying conditions.  There is NO
warranty; not even for MERCHANTABILITY or FITNESS FOR A PARTICULAR PURPOSE.

configure:4377: $? = 0
configure:4379: g++ -v </dev/null >&5
Reading specs from /usr/lib/gcc-lib/i386-redhat-linux/3.2.2/specs
Configured with: ../configure --prefix=/usr --mandir=/usr/share/man --infodir=/usr/share/info --enable-shared --enable-threads=posix --disable-checking --with-system-zlib --enable-__cxa_atexit --host=i386-redhat-linux
Thread model: posix
gcc version 3.2.2 20030222 (Red Hat Linux 3.2.2-5)
configure:4382: $? = 0
configure:4384: g++ -V </dev/null >&5
g++: argument to `-V' missing

configure:4387: $? = 1
configure:4390: checking whether we are using the GNU C++ compiler
configure:4415: g++ -c   conftest.cc >&5
configure:4418: $? = 0
configure:4421: test -s conftest.o
configure:4424: $? = 0
configure:4437: result: yes
configure:4443: checking whether g++ accepts -g
configure:4465: g++ -c -g  conftest.cc >&5
configure:4468: $? = 0
configure:4471: test -s conftest.o
configure:4474: $? = 0
configure:4485: result: yes
configure:4529: g++ -c -g -O2  conftest.cc >&5
configure:4532: $? = 0
configure:4535: test -s conftest.o
configure:4538: $? = 0
configure:4565: g++ -c -g -O2  conftest.cc >&5
configure: In function `int main()':
configure:4573: `exit' undeclared (first use this function)
configure:4573: (Each undeclared identifier is reported only once for each 
   function it appears in.)
configure:4568: $? = 1
configure: failed program was:
| #line 4548 "configure"
| /* confdefs.h.  */
| 
| #define PACKAGE_NAME "teste-libtool"
| #define PACKAGE_TARNAME "teste_libtool "
| #define PACKAGE_VERSION "0.2"
| #define PACKAGE_STRING "teste-libtool 0.2"
| #define PACKAGE_BUGREPORT "andre@lmpt.ufsc.br"
| #define PACKAGE "teste_libtool "
| #define VERSION "0.2"
| #define STDC_HEADERS 1
| #define HAVE_SYS_TYPES_H 1
| #define HAVE_SYS_STAT_H 1
| #define HAVE_STDLIB_H 1
| #define HAVE_STRING_H 1
| #define HAVE_MEMORY_H 1
| #define HAVE_STRINGS_H 1
| #define HAVE_INTTYPES_H 1
| #define HAVE_STDINT_H 1
| #define HAVE_UNISTD_H 1
| #define HAVE_DLFCN_H 1
| /* end confdefs.h.  */
| 
| int
| main ()
| {
| exit (42);
|   ;
|   return 0;
| }
configure:4529: g++ -c -g -O2  conftest.cc >&5
configure:4532: $? = 0
configure:4535: test -s conftest.o
configure:4538: $? = 0
configure:4565: g++ -c -g -O2  conftest.cc >&5
configure:4568: $? = 0
configure:4571: test -s conftest.o
configure:4574: $? = 0
configure:4599: checking dependency style of g++
configure:4667: result: gcc3
configure:4689: checking how to run the C++ preprocessor
configure:4721: g++ -E  conftest.cc
configure:4727: $? = 0
configure:4759: g++ -E  conftest.cc
configure:4774:28: ac_nonexistent.h: No such file or directory
configure:4765: $? = 1
configure: failed program was:
| #line 4750 "configure"
| /* confdefs.h.  */
| 
| #define PACKAGE_NAME "teste-libtool"
| #define PACKAGE_TARNAME "teste_libtool "
| #define PACKAGE_VERSION "0.2"
| #define PACKAGE_STRING "teste-libtool 0.2"
| #define PACKAGE_BUGREPORT "andre@lmpt.ufsc.br"
| #define PACKAGE "teste_libtool "
| #define VERSION "0.2"
| #define STDC_HEADERS 1
| #define HAVE_SYS_TYPES_H 1
| #define HAVE_SYS_STAT_H 1
| #define HAVE_STDLIB_H 1
| #define HAVE_STRING_H 1
| #define HAVE_MEMORY_H 1
| #define HAVE_STRINGS_H 1
| #define HAVE_INTTYPES_H 1
| #define HAVE_STDINT_H 1
| #define HAVE_UNISTD_H 1
| #define HAVE_DLFCN_H 1
| #ifdef __cplusplus
| #include <stdlib.h>
| #endif
| /* end confdefs.h.  */
| #include <ac_nonexistent.h>
configure:4803: result: g++ -E
configure:4828: g++ -E  conftest.cc
configure:4834: $? = 0
configure:4866: g++ -E  conftest.cc
configure:4881:28: ac_nonexistent.h: No such file or directory
configure:4872: $? = 1
configure: failed program was:
| #line 4857 "configure"
| /* confdefs.h.  */
| 
| #define PACKAGE_NAME "teste-libtool"
| #define PACKAGE_TARNAME "teste_libtool "
| #define PACKAGE_VERSION "0.2"
| #define PACKAGE_STRING "teste-libtool 0.2"
| #define PACKAGE_BUGREPORT "andre@lmpt.ufsc.br"
| #define PACKAGE "teste_libtool "
| #define VERSION "0.2"
| #define STDC_HEADERS 1
| #define HAVE_SYS_TYPES_H 1
| #define HAVE_SYS_STAT_H 1
| #define HAVE_STDLIB_H 1
| #define HAVE_STRING_H 1
| #define HAVE_MEMORY_H 1
| #define HAVE_STRINGS_H 1
| #define HAVE_INTTYPES_H 1
| #define HAVE_STDINT_H 1
| #define HAVE_UNISTD_H 1
| #define HAVE_DLFCN_H 1
| #ifdef __cplusplus
| #include <stdlib.h>
| #endif
| /* end confdefs.h.  */
| #include <ac_nonexistent.h>
configure:4966: checking for g77
configure:4982: found /usr/bin/g77
configure:4992: result: g77
configure:5010: checking for Fortran 77 compiler version
configure:5010: g77 --version </dev/null >&5
GNU Fortran (GCC 3.2.2 20030222 (Red Hat Linux 3.2.2-5)) 3.2.2 20030222 (Red Hat Linux 3.2.2-5)
Copyright (C) 2002 Free Software Foundation, Inc.

GNU Fortran comes with NO WARRANTY, to the extent permitted by law.
You may redistribute copies of GNU Fortran
under the terms of the GNU General Public License.
For more information about these matters, see the file named COPYING
or type the command `info -f g77 Copying'.
configure:5013: $? = 0
configure:5015: g77 -v </dev/null >&5
Reading specs from /usr/lib/gcc-lib/i386-redhat-linux/3.2.2/specs
Configured with: ../configure --prefix=/usr --mandir=/usr/share/man --infodir=/usr/share/info --enable-shared --enable-threads=posix --disable-checking --with-system-zlib --enable-__cxa_atexit --host=i386-redhat-linux
Thread model: posix
gcc version 3.2.2 20030222 (Red Hat Linux 3.2.2-5)
configure:5018: $? = 0
configure:5020: g77 -V </dev/null >&5
g77: argument to `-V' missing
configure:5023: $? = 1
configure:5030: checking whether we are using the GNU Fortran 77 compiler
configure:5044: g77 -c  conftest.F >&5
configure:5047: $? = 0
configure:5050: test -s conftest.o
configure:5053: $? = 0
configure:5066: result: yes
configure:5073: checking whether g77 accepts -g
configure:5085: g77 -c -g conftest.f >&5
configure:5088: $? = 0
configure:5091: test -s conftest.o
configure:5094: $? = 0
configure:5106: result: yes
configure:5134: checking the maximum length of command line arguments
configure:5193: result: 32768
configure:5204: checking command to parse /usr/bin/nm -B output from gcc object
configure:5293: gcc -c -g -O2  conftest.c >&5
configure:5296: $? = 0
configure:5300: /usr/bin/nm -B conftest.o \| sed -n -e 's/^.*[ 	]\([ABCDGISTW][ABCDGISTW]*\)[ 	][ 	]*\(\)\([_A-Za-z][_A-Za-z0-9]*\)$/\1 \2\3 \3/p' \> conftest.nm
configure:5303: $? = 0
configure:5355: gcc -o conftest -g -O2   conftest.c conftstm.o >&5
configure:5358: $? = 0
configure:5396: result: ok
configure:5400: checking for objdir
configure:5415: result: .libs
configure:5505: checking for ar
configure:5521: found /usr/bin/ar
configure:5532: result: ar
configure:5585: checking for ranlib
configure:5601: found /usr/bin/ranlib
configure:5612: result: ranlib
configure:5665: checking for strip
configure:5681: found /usr/bin/strip
configure:5692: result: strip
configure:5954: checking if gcc static flag  works
configure:5977: result: yes
configure:5994: checking if gcc supports -fno-rtti -fno-exceptions
configure:6015: gcc -c -g -O2  -fno-rtti -fno-exceptions conftest.c >&5
configure:6019: $? = 0
configure:6027: result: yes
configure:6042: checking for gcc option to produce PIC
configure:6219: result: -fPIC
configure:6226: checking if gcc PIC flag -fPIC works
configure:6247: gcc -c -g -O2  -fPIC -DPIC conftest.c >&5
configure:6251: $? = 0
configure:6259: result: yes
configure:6283: checking if gcc supports -c -o file.o
configure:6314: gcc -c -g -O2  -o out/conftest2.o conftest.c >&5
configure:6318: $? = 0
configure:6332: result: yes
configure:6358: checking whether the gcc linker (/usr/bin/ld) supports shared libraries
configure:7152: result: yes
configure:7223: checking how to hardcode library paths into programs
configure:7248: result: immediate
configure:7262: checking whether stripping libraries is possible
configure:7267: result: yes
configure:7289: checking dynamic linker characteristics
configure:7800: result: GNU/Linux ld.so
configure:7898: checking for shl_load
configure:7948: gcc -o conftest -g -O2   conftest.c  >&5
/tmp/ccIU5e7R.o(.text+0x11): In function `main':
/home/andre/Andre/ApostilasPessoais/ApostilaProgramacao/listagens/Parte-IV/biblioteca-Multiplataforma/configure:7959: undefined reference to `shl_load'
/tmp/ccIU5e7R.o(.data+0x0):/home/andre/Andre/ApostilasPessoais/ApostilaProgramacao/listagens/Parte-IV/biblioteca-Multiplataforma/configure:7958: undefined reference to `shl_load'
collect2: ld returned 1 exit status
configure:7951: $? = 1
configure: failed program was:
| #line 7903 "configure"
| /* confdefs.h.  */
| 
| #define PACKAGE_NAME "teste-libtool"
| #define PACKAGE_TARNAME "teste_libtool "
| #define PACKAGE_VERSION "0.2"
| #define PACKAGE_STRING "teste-libtool 0.2"
| #define PACKAGE_BUGREPORT "andre@lmpt.ufsc.br"
| #define PACKAGE "teste_libtool "
| #define VERSION "0.2"
| #define STDC_HEADERS 1
| #define HAVE_SYS_TYPES_H 1
| #define HAVE_SYS_STAT_H 1
| #define HAVE_STDLIB_H 1
| #define HAVE_STRING_H 1
| #define HAVE_MEMORY_H 1
| #define HAVE_STRINGS_H 1
| #define HAVE_INTTYPES_H 1
| #define HAVE_STDINT_H 1
| #define HAVE_UNISTD_H 1
| #define HAVE_DLFCN_H 1
| #ifdef __cplusplus
| #include <stdlib.h>
| #endif
| /* end confdefs.h.  */
| /* System header to define __stub macros and hopefully few prototypes,
|     which can conflict with char shl_load (); below.
|     Prefer <limits.h> to <assert.h> if __STDC__ is defined, since
|     <limits.h> exists even on freestanding compilers.  */
| #ifdef __STDC__
| # include <limits.h>
| #else
| # include <assert.h>
| #endif
| /* Override any gcc2 internal prototype to avoid an error.  */
| #ifdef __cplusplus
| extern "C"
| {
| #endif
| /* We use char because int might match the return type of a gcc2
|    builtin and then its argument prototype would still apply.  */
| char shl_load ();
| /* The GNU C library defines this for functions which it implements
|     to always fail with ENOSYS.  Some functions are actually named
|     something starting with __ and the normal name is an alias.  */
| #if defined (__stub_shl_load) || defined (__stub___shl_load)
| choke me
| #else
| char (*f) () = shl_load;
| #endif
| #ifdef __cplusplus
| }
| #endif
| 
| int
| main ()
| {
| return f != shl_load;
|   ;
|   return 0;
| }
configure:7968: result: no
configure:7973: checking for shl_load in -ldld
configure:8004: gcc -o conftest -g -O2   conftest.c -ldld   >&5
/usr/bin/ld: cannot find -ldld
collect2: ld returned 1 exit status
configure:8007: $? = 1
configure: failed program was:
| #line 7980 "configure"
| /* confdefs.h.  */
| 
| #define PACKAGE_NAME "teste-libtool"
| #define PACKAGE_TARNAME "teste_libtool "
| #define PACKAGE_VERSION "0.2"
| #define PACKAGE_STRING "teste-libtool 0.2"
| #define PACKAGE_BUGREPORT "andre@lmpt.ufsc.br"
| #define PACKAGE "teste_libtool "
| #define VERSION "0.2"
| #define STDC_HEADERS 1
| #define HAVE_SYS_TYPES_H 1
| #define HAVE_SYS_STAT_H 1
| #define HAVE_STDLIB_H 1
| #define HAVE_STRING_H 1
| #define HAVE_MEMORY_H 1
| #define HAVE_STRINGS_H 1
| #define HAVE_INTTYPES_H 1
| #define HAVE_STDINT_H 1
| #define HAVE_UNISTD_H 1
| #define HAVE_DLFCN_H 1
| #ifdef __cplusplus
| #include <stdlib.h>
| #endif
| /* end confdefs.h.  */
| 
| /* Override any gcc2 internal prototype to avoid an error.  */
| #ifdef __cplusplus
| extern "C"
| #endif
| /* We use char because int might match the return type of a gcc2
|    builtin and then its argument prototype would still apply.  */
| char shl_load ();
| int
| main ()
| {
| shl_load ();
|   ;
|   return 0;
| }
configure:8025: result: no
configure:8030: checking for dlopen
configure:8080: gcc -o conftest -g -O2   conftest.c  >&5
/tmp/cc2wqB7e.o(.text+0x11): In function `main':
/home/andre/Andre/ApostilasPessoais/ApostilaProgramacao/listagens/Parte-IV/biblioteca-Multiplataforma/configure:8091: undefined reference to `dlopen'
/tmp/cc2wqB7e.o(.data+0x0):/home/andre/Andre/ApostilasPessoais/ApostilaProgramacao/listagens/Parte-IV/biblioteca-Multiplataforma/configure:8090: undefined reference to `dlopen'
collect2: ld returned 1 exit status
configure:8083: $? = 1
configure: failed program was:
| #line 8035 "configure"
| /* confdefs.h.  */
| 
| #define PACKAGE_NAME "teste-libtool"
| #define PACKAGE_TARNAME "teste_libtool "
| #define PACKAGE_VERSION "0.2"
| #define PACKAGE_STRING "teste-libtool 0.2"
| #define PACKAGE_BUGREPORT "andre@lmpt.ufsc.br"
| #define PACKAGE "teste_libtool "
| #define VERSION "0.2"
| #define STDC_HEADERS 1
| #define HAVE_SYS_TYPES_H 1
| #define HAVE_SYS_STAT_H 1
| #define HAVE_STDLIB_H 1
| #define HAVE_STRING_H 1
| #define HAVE_MEMORY_H 1
| #define HAVE_STRINGS_H 1
| #define HAVE_INTTYPES_H 1
| #define HAVE_STDINT_H 1
| #define HAVE_UNISTD_H 1
| #define HAVE_DLFCN_H 1
| #ifdef __cplusplus
| #include <stdlib.h>
| #endif
| /* end confdefs.h.  */
| /* System header to define __stub macros and hopefully few prototypes,
|     which can conflict with char dlopen (); below.
|     Prefer <limits.h> to <assert.h> if __STDC__ is defined, since
|     <limits.h> exists even on freestanding compilers.  */
| #ifdef __STDC__
| # include <limits.h>
| #else
| # include <assert.h>
| #endif
| /* Override any gcc2 internal prototype to avoid an error.  */
| #ifdef __cplusplus
| extern "C"
| {
| #endif
| /* We use char because int might match the return type of a gcc2
|    builtin and then its argument prototype would still apply.  */
| char dlopen ();
| /* The GNU C library defines this for functions which it implements
|     to always fail with ENOSYS.  Some functions are actually named
|     something starting with __ and the normal name is an alias.  */
| #if defined (__stub_dlopen) || defined (__stub___dlopen)
| choke me
| #else
| char (*f) () = dlopen;
| #endif
| #ifdef __cplusplus
| }
| #endif
| 
| int
| main ()
| {
| return f != dlopen;
|   ;
|   return 0;
| }
configure:8100: result: no
configure:8105: checking for dlopen in -ldl
configure:8136: gcc -o conftest -g -O2   conftest.c -ldl   >&5
configure:8139: $? = 0
configure:8142: test -s conftest
configure:8145: $? = 0
configure:8157: result: yes
configure:8312: checking whether a program can dlopen itself
configure:8384: gcc -o conftest -g -O2  -DHAVE_DLFCN_H  --export-dynamic conftest.c -ldl  >&5
cc1: unrecognized option `-fexport-dynamic'
configure:8387: $? = 1
configure:8405: result: no
configure:8526: checking if libtool supports shared libraries
configure:8528: result: yes
configure:8531: checking whether to build shared libraries
configure:8580: result: no
configure:8583: checking whether to build static libraries
configure:8587: result: yes
configure:8678: creating libtool
configure:9222: checking for ld used by g++
configure:9289: result: /usr/bin/ld
configure:9298: checking if the linker (/usr/bin/ld) is GNU ld
configure:9313: result: yes
configure:9364: checking whether the g++ linker (/usr/bin/ld) supports shared libraries
configure:10159: result: yes
configure:10177: g++ -c -g -O2  conftest.cc >&5
configure:10180: $? = 0
configure:10276: checking for g++ option to produce PIC
configure:10528: result: -fPIC
configure:10535: checking if g++ PIC flag -fPIC works
configure:10556: g++ -c -g -O2  -fPIC -DPIC conftest.cc >&5
configure:10560: $? = 0
configure:10568: result: yes
configure:10592: checking if g++ supports -c -o file.o
configure:10623: g++ -c -g -O2  -o out/conftest2.o conftest.cc >&5
configure:10627: $? = 0
configure:10641: result: yes
configure:10667: checking whether the g++ linker (/usr/bin/ld) supports shared libraries
configure:10692: result: yes
configure:10763: checking how to hardcode library paths into programs
configure:10788: result: immediate
configure:10802: checking whether stripping libraries is possible
configure:10807: result: yes
configure:10829: checking dynamic linker characteristics
configure:11340: result: GNU/Linux ld.so
configure:11438: checking for shl_load
configure:11508: result: no
configure:11513: checking for shl_load in -ldld
configure:11565: result: no
configure:11570: checking for dlopen
configure:11640: result: no
configure:11645: checking for dlopen in -ldl
configure:11697: result: yes
configure:11852: checking whether a program can dlopen itself
configure:11945: result: no
configure:12539: checking if libtool supports shared libraries
configure:12541: result: yes
configure:12544: checking whether to build shared libraries
configure:12562: result: no
configure:12565: checking whether to build static libraries
configure:12569: result: yes
configure:12581: checking for g77 option to produce PIC
configure:12758: result: -fPIC
configure:12765: checking if g77 PIC flag -fPIC works
configure:12786: g77 -c -g -O2 -fPIC conftest.f >&5
configure:12790: $? = 0
configure:12798: result: yes
configure:12822: checking if g77 supports -c -o file.o
configure:12853: g77 -c -g -O2 -o out/conftest2.o conftest.f >&5
configure:12857: $? = 0
configure:12871: result: yes
configure:12897: checking whether the g77 linker (/usr/bin/ld) supports shared libraries
configure:13669: result: yes
configure:13740: checking how to hardcode library paths into programs
configure:13765: result: immediate
configure:13779: checking whether stripping libraries is possible
configure:13784: result: yes
configure:13806: checking dynamic linker characteristics
configure:14317: result: GNU/Linux ld.so
configure:18304: checking for C++ compiler version
configure:18307: g++ --version </dev/null >&5
g++ (GCC) 3.2.2 20030222 (Red Hat Linux 3.2.2-5)
Copyright (C) 2002 Free Software Foundation, Inc.
This is free software; see the source for copying conditions.  There is NO
warranty; not even for MERCHANTABILITY or FITNESS FOR A PARTICULAR PURPOSE.

configure:18310: $? = 0
configure:18312: g++ -v </dev/null >&5
Reading specs from /usr/lib/gcc-lib/i386-redhat-linux/3.2.2/specs
Configured with: ../configure --prefix=/usr --mandir=/usr/share/man --infodir=/usr/share/info --enable-shared --enable-threads=posix --disable-checking --with-system-zlib --enable-__cxa_atexit --host=i386-redhat-linux
Thread model: posix
gcc version 3.2.2 20030222 (Red Hat Linux 3.2.2-5)
configure:18315: $? = 0
configure:18317: g++ -V </dev/null >&5
g++: argument to `-V' missing

configure:18320: $? = 1
configure:18323: checking whether we are using the GNU C++ compiler
configure:18370: result: yes
configure:18376: checking whether g++ accepts -g
configure:18418: result: yes
configure:18462: g++ -c -g -O2  conftest.cc >&5
configure:18465: $? = 0
configure:18468: test -s conftest.o
configure:18471: $? = 0
configure:18498: g++ -c -g -O2  conftest.cc >&5
configure:18501: $? = 0
configure:18504: test -s conftest.o
configure:18507: $? = 0
configure:18532: checking dependency style of g++
configure:18600: result: gcc3
configure:18663: checking for gcc
configure:18689: result: gcc
configure:18933: checking for C compiler version
configure:18936: gcc --version </dev/null >&5
gcc (GCC) 3.2.2 20030222 (Red Hat Linux 3.2.2-5)
Copyright (C) 2002 Free Software Foundation, Inc.
This is free software; see the source for copying conditions.  There is NO
warranty; not even for MERCHANTABILITY or FITNESS FOR A PARTICULAR PURPOSE.

configure:18939: $? = 0
configure:18941: gcc -v </dev/null >&5
Reading specs from /usr/lib/gcc-lib/i386-redhat-linux/3.2.2/specs
Configured with: ../configure --prefix=/usr --mandir=/usr/share/man --infodir=/usr/share/info --enable-shared --enable-threads=posix --disable-checking --with-system-zlib --enable-__cxa_atexit --host=i386-redhat-linux
Thread model: posix
gcc version 3.2.2 20030222 (Red Hat Linux 3.2.2-5)
configure:18944: $? = 0
configure:18946: gcc -V </dev/null >&5
gcc: argument to `-V' is missing
configure:18949: $? = 1
configure:18952: checking whether we are using the GNU C compiler
configure:18999: result: yes
configure:19005: checking whether gcc accepts -g
configure:19047: result: yes
configure:19064: checking for gcc option to accept ANSI C
configure:19152: result: none needed
configure:19170: gcc -c -g -O2  conftest.c >&5
conftest.c:2: parse error before "me"
configure:19173: $? = 1
configure: failed program was:
| #ifndef __cplusplus
|   choke me
| #endif
configure:19284: checking dependency style of gcc
configure:19352: result: gcc3
configure:19403: checking whether ln -s works
configure:19407: result: yes
configure:19455: checking for ranlib
configure:19482: result: ranlib
configure:19584: checking for stdbool.h that conforms to C99
configure:19638: gcc -c -g -O2  conftest.c >&5
configure:19641: $? = 0
configure:19644: test -s conftest.o
configure:19647: $? = 0
configure:19658: result: yes
configure:19660: checking for _Bool
configure:19685: gcc -c -g -O2  conftest.c >&5
configure:19688: $? = 0
configure:19691: test -s conftest.o
configure:19694: $? = 0
configure:19705: result: yes
configure:19724: checking for an ANSI C-conforming const
configure:19792: gcc -c -g -O2  conftest.c >&5
configure:19795: $? = 0
configure:19798: test -s conftest.o
configure:19801: $? = 0
configure:19812: result: yes
configure:19822: checking for inline
configure:19844: gcc -c -g -O2  conftest.c >&5
configure:19847: $? = 0
configure:19850: test -s conftest.o
configure:19853: $? = 0
configure:19865: result: inline
configure:20013: creating ./config.status

## ---------------------- ##
## Running config.status. ##
## ---------------------- ##

This file was extended by teste-libtool config.status 0.2, which was
generated by GNU Autoconf 2.57.  Invocation command line was

  CONFIG_FILES    = 
  CONFIG_HEADERS  = 
  CONFIG_LINKS    = 
  CONFIG_COMMANDS = 
  $ ./config.status 

on suporte3.lenep.uenf.br

config.status:693: creating Makefile
config.status:693: creating dinamico/Makefile
config.status:693: creating estatico/Makefile
config.status:693: creating normal/Makefile
config.status:797: creating config.h
config.status:1030: executing depfiles commands
config.status:1030: executing default-1 commands

## ---------------- ##
## Cache variables. ##
## ---------------- ##

ac_cv_build=i686-pc-linux-gnu
ac_cv_build_alias=i686-pc-linux-gnu
ac_cv_c_compiler_gnu=yes
ac_cv_c_const=yes
ac_cv_c_inline=inline
ac_cv_cxx_compiler_gnu=yes
ac_cv_env_CC_set=
ac_cv_env_CC_value=
ac_cv_env_CFLAGS_set=
ac_cv_env_CFLAGS_value=
ac_cv_env_CPPFLAGS_set=
ac_cv_env_CPPFLAGS_value=
ac_cv_env_CPP_set=
ac_cv_env_CPP_value=
ac_cv_env_CXXCPP_set=
ac_cv_env_CXXCPP_value=
ac_cv_env_CXXFLAGS_set=
ac_cv_env_CXXFLAGS_value=
ac_cv_env_CXX_set=
ac_cv_env_CXX_value=
ac_cv_env_F77_set=
ac_cv_env_F77_value=
ac_cv_env_FFLAGS_set=
ac_cv_env_FFLAGS_value=
ac_cv_env_LDFLAGS_set=
ac_cv_env_LDFLAGS_value=
ac_cv_env_build_alias_set=
ac_cv_env_build_alias_value=
ac_cv_env_host_alias_set=
ac_cv_env_host_alias_value=
ac_cv_env_target_alias_set=
ac_cv_env_target_alias_value=
ac_cv_exeext=
ac_cv_f77_compiler_gnu=yes
ac_cv_func_dlopen=no
ac_cv_func_shl_load=no
ac_cv_header_dlfcn_h=yes
ac_cv_header_inttypes_h=yes
ac_cv_header_memory_h=yes
ac_cv_header_stdbool_h=yes
ac_cv_header_stdc=yes
ac_cv_header_stdint_h=yes
ac_cv_header_stdlib_h=yes
ac_cv_header_string_h=yes
ac_cv_header_strings_h=yes
ac_cv_header_sys_stat_h=yes
ac_cv_header_sys_types_h=yes
ac_cv_header_unistd_h=yes
ac_cv_host=i686-pc-linux-gnu
ac_cv_host_alias=i686-pc-linux-gnu
ac_cv_lib_dl_dlopen=yes
ac_cv_lib_dld_shl_load=no
ac_cv_objext=o
ac_cv_path_install='/usr/bin/install -c'
ac_cv_prog_AWK=gawk
ac_cv_prog_CPP='gcc -E'
ac_cv_prog_CXXCPP='g++ -E'
ac_cv_prog_ac_ct_AR=ar
ac_cv_prog_ac_ct_CC=gcc
ac_cv_prog_ac_ct_CXX=g++
ac_cv_prog_ac_ct_F77=g77
ac_cv_prog_ac_ct_RANLIB=ranlib
ac_cv_prog_ac_ct_STRIP=strip
ac_cv_prog_cc_g=yes
ac_cv_prog_cc_stdc=
ac_cv_prog_cxx_g=yes
ac_cv_prog_egrep='grep -E'
ac_cv_prog_f77_g=yes
ac_cv_prog_make_make_set=yes
ac_cv_type__Bool=yes
am_cv_CC_dependencies_compiler_type=gcc3
am_cv_CXX_dependencies_compiler_type=gcc3
lt_cv_deplibs_check_method=pass_all
lt_cv_dlopen=dlopen
lt_cv_dlopen_libs=-ldl
lt_cv_dlopen_self=no
lt_cv_file_magic_cmd='$MAGIC_CMD'
lt_cv_file_magic_test_file='/lib/libc.so.6 /lib/libc-2.3.2.so'
lt_cv_ld_reload_flag=-r
lt_cv_objdir=.libs
lt_cv_path_LD=/usr/bin/ld
lt_cv_path_LDCXX=/usr/bin/ld
lt_cv_path_NM='/usr/bin/nm -B'
lt_cv_path_SED=/bin/sed
lt_cv_prog_compiler_c_o=yes
lt_cv_prog_compiler_c_o_CXX=yes
lt_cv_prog_compiler_c_o_F77=yes
lt_cv_prog_compiler_rtti_exceptions=yes
lt_cv_prog_gnu_ld=yes
lt_cv_prog_gnu_ldcxx=yes
lt_cv_sys_global_symbol_pipe='sed -n -e '\''s/^.*[ 	]\([ABCDGISTW][ABCDGISTW]*\)[ 	][ 	]*\(\)\([_A-Za-z][_A-Za-z0-9]*\)$/\1 \2\3 \3/p'\'''
lt_cv_sys_global_symbol_to_c_name_address='sed -n -e '\''s/^: \([^ ]*\) $/  {\"\1\", (lt_ptr) 0},/p'\'' -e '\''s/^[BCDEGRST] \([^ ]*\) \([^ ]*\)$/  {"\2", (lt_ptr) \&\2},/p'\'''
lt_cv_sys_global_symbol_to_cdecl='sed -n -e '\''s/^. .* \(.*\)$/extern int \1;/p'\'''
lt_cv_sys_max_cmd_len=32768
lt_lt_cv_prog_compiler_c_o='"yes"'
lt_lt_cv_prog_compiler_c_o_CXX='"yes"'
lt_lt_cv_prog_compiler_c_o_F77='"yes"'
lt_lt_cv_sys_global_symbol_pipe='"sed -n -e '\''s/^.*[ 	]\\([ABCDGISTW][ABCDGISTW]*\\)[ 	][ 	]*\\(\\)\\([_A-Za-z][_A-Za-z0-9]*\\)\$/\\1 \\2\\3 \\3/p'\''"'
lt_lt_cv_sys_global_symbol_to_c_name_address='"sed -n -e '\''s/^: \\([^ ]*\\) \$/  {\\\"\\1\\\", (lt_ptr) 0},/p'\'' -e '\''s/^[BCDEGRST] \\([^ ]*\\) \\([^ ]*\\)\$/  {\"\\2\", (lt_ptr) \\&\\2},/p'\''"'
lt_lt_cv_sys_global_symbol_to_cdecl='"sed -n -e '\''s/^. .* \\(.*\\)\$/extern int \\1;/p'\''"'

## ----------------- ##
## Output variables. ##
## ----------------- ##

ACLOCAL='${SHELL} /home/andre/Andre/ApostilasPessoais/ApostilaProgramacao/listagens/missing --run aclocal-1.7'
AMDEPBACKSLASH='\'
AMDEP_FALSE='#'
AMDEP_TRUE=''
AMTAR='${SHELL} /home/andre/Andre/ApostilasPessoais/ApostilaProgramacao/listagens/missing --run tar'
AR='ar'
AUTOCONF='${SHELL} /home/andre/Andre/ApostilasPessoais/ApostilaProgramacao/listagens/missing --run autoconf'
AUTOHEADER='${SHELL} /home/andre/Andre/ApostilasPessoais/ApostilaProgramacao/listagens/missing --run autoheader'
AUTOMAKE='${SHELL} /home/andre/Andre/ApostilasPessoais/ApostilaProgramacao/listagens/missing --run automake-1.7'
AWK='gawk'
CC='gcc'
CCDEPMODE='depmode=gcc3'
CFLAGS='-g -O2'
CPP='gcc -E'
CPPFLAGS=''
CXX='g++'
CXXCPP='g++ -E'
CXXDEPMODE='depmode=gcc3'
CXXFLAGS='-g -O2'
CYGPATH_W='echo'
DEFS='-DHAVE_CONFIG_H'
DEPDIR='.deps'
ECHO='echo'
ECHO_C=''
ECHO_N='-n'
ECHO_T=''
EGREP='grep -E'
EXEEXT=''
F77='g77'
FFLAGS='-g -O2'
INSTALL_DATA='${INSTALL} -m 644'
INSTALL_PROGRAM='${INSTALL}'
INSTALL_SCRIPT='${INSTALL}'
INSTALL_STRIP_PROGRAM='${SHELL} $(install_sh) -c -s'
LDFLAGS=''
LIBOBJS=''
LIBS=''
LIBTOOL='$(SHELL) $(top_builddir)/libtool'
LN_S='ln -s'
LTLIBOBJS=''
MAKEINFO='${SHELL} /home/andre/Andre/ApostilasPessoais/ApostilaProgramacao/listagens/missing --run makeinfo'
OBJEXT='o'
PACKAGE='teste_libtool '
PACKAGE_BUGREPORT='andre@lmpt.ufsc.br'
PACKAGE_NAME='teste-libtool'
PACKAGE_STRING='teste-libtool 0.2'
PACKAGE_TARNAME='teste_libtool '
PACKAGE_VERSION='0.2'
PATH_SEPARATOR=':'
RANLIB='ranlib'
SET_MAKE=''
SHELL='/bin/sh'
STRIP='strip'
VERSION='0.2'
ac_ct_AR='ar'
ac_ct_CC='gcc'
ac_ct_CXX='g++'
ac_ct_F77='g77'
ac_ct_RANLIB='ranlib'
ac_ct_STRIP='strip'
am__fastdepCC_FALSE='#'
am__fastdepCC_TRUE=''
am__fastdepCXX_FALSE='#'
am__fastdepCXX_TRUE=''
am__include='include'
am__leading_dot='.'
am__quote=''
bindir='${exec_prefix}/bin'
build='i686-pc-linux-gnu'
build_alias=''
build_cpu='i686'
build_os='linux-gnu'
build_vendor='pc'
datadir='${prefix}/share'
exec_prefix='${prefix}'
host='i686-pc-linux-gnu'
host_alias=''
host_cpu='i686'
host_os='linux-gnu'
host_vendor='pc'
includedir='${prefix}/include'
infodir='${prefix}/info'
install_sh='/home/andre/Andre/ApostilasPessoais/ApostilaProgramacao/listagens/install-sh'
libdir='${exec_prefix}/lib'
libexecdir='${exec_prefix}/libexec'
localstatedir='${prefix}/var'
mandir='${prefix}/man'
multi_basedir='./../'
oldincludedir='/usr/include'
prefix='/usr/local'
program_transform_name='s,x,x,'
sbindir='${exec_prefix}/sbin'
sharedstatedir='${prefix}/com'
sysconfdir='${prefix}/etc'
target_alias=''

## ----------- ##
## confdefs.h. ##
## ----------- ##

#define HAVE_DLFCN_H 1
#define HAVE_INTTYPES_H 1
#define HAVE_MEMORY_H 1
#define HAVE_STDBOOL_H 1
#define HAVE_STDINT_H 1
#define HAVE_STDLIB_H 1
#define HAVE_STRINGS_H 1
#define HAVE_STRING_H 1
#define HAVE_SYS_STAT_H 1
#define HAVE_SYS_TYPES_H 1
#define HAVE_UNISTD_H 1
#define HAVE__BOOL 1
#define PACKAGE "teste_libtool "
#define PACKAGE_BUGREPORT "andre@lmpt.ufsc.br"
#define PACKAGE_NAME "teste-libtool"
#define PACKAGE_STRING "teste-libtool 0.2"
#define PACKAGE_TARNAME "teste_libtool "
#define PACKAGE_VERSION "0.2"
#define STDC_HEADERS 1
#define VERSION "0.2"
#endif
#ifdef __cplusplus
#include <stdlib.h>

configure: exit 1
